<?xml version="1.0" encoding="UTF-8" ?>
<testsuite tests="0" failures="0" name="TestSuite" time="0.334" errors="0" skipped="0">
  <properties>
    <property name="java.runtime.name" value="Java(TM) SE Runtime Environment"/>
    <property name="sun.boot.library.path" value="/Library/Java/JavaVirtualMachines/jdk1.8.0_212.jdk/Contents/Home/jre/lib"/>
    <property name="java.vm.version" value="25.212-b10"/>
    <property name="gopherProxySet" value="false"/>
    <property name="java.vm.vendor" value="Oracle Corporation"/>
    <property name="java.vendor.url" value="http://java.oracle.com/"/>
    <property name="path.separator" value=":"/>
    <property name="java.vm.name" value="Java HotSpot(TM) 64-Bit Server VM"/>
    <property name="file.encoding.pkg" value="sun.io"/>
    <property name="user.country" value="US"/>
    <property name="sun.java.launcher" value="SUN_STANDARD"/>
    <property name="sun.os.patch.level" value="unknown"/>
    <property name="java.vm.specification.name" value="Java Virtual Machine Specification"/>
    <property name="user.dir" value="/Users/fxie/Desktop/soc/streaming-benchmark"/>
    <property name="java.runtime.version" value="1.8.0_212-b10"/>
    <property name="java.awt.graphicsenv" value="sun.awt.CGraphicsEnvironment"/>
    <property name="basedir" value="/Users/fxie/Desktop/soc/streaming-benchmark"/>
    <property name="java.endorsed.dirs" value="/Library/Java/JavaVirtualMachines/jdk1.8.0_212.jdk/Contents/Home/jre/lib/endorsed"/>
    <property name="os.arch" value="x86_64"/>
    <property name="surefire.real.class.path" value="/Users/fxie/Desktop/soc/streaming-benchmark/target/surefire/surefirebooter6764358690756515402.jar"/>
    <property name="java.io.tmpdir" value="/var/folders/jv/v0xmq4bs6m7bh2fctvtb5rpm0015np/T/"/>
    <property name="line.separator" value="
"/>
    <property name="java.vm.specification.vendor" value="Oracle Corporation"/>
    <property name="os.name" value="Mac OS X"/>
    <property name="sun.jnu.encoding" value="UTF-8"/>
    <property name="java.library.path" value="/Users/fxie/Library/Java/Extensions:/Library/Java/Extensions:/Network/Library/Java/Extensions:/System/Library/Java/Extensions:/usr/lib/java:."/>
    <property name="surefire.test.class.path" value="/Users/fxie/Desktop/soc/streaming-benchmark/target/test-classes:/Users/fxie/Desktop/soc/streaming-benchmark/target/classes:/Users/fxie/.m2/repository/org/apache/flink/flink-java/1.8.0/flink-java-1.8.0.jar:/Users/fxie/.m2/repository/org/apache/flink/flink-core/1.8.0/flink-core-1.8.0.jar:/Users/fxie/.m2/repository/org/apache/flink/flink-annotations/1.8.0/flink-annotations-1.8.0.jar:/Users/fxie/.m2/repository/org/apache/flink/flink-metrics-core/1.8.0/flink-metrics-core-1.8.0.jar:/Users/fxie/.m2/repository/com/esotericsoftware/kryo/kryo/2.24.0/kryo-2.24.0.jar:/Users/fxie/.m2/repository/com/esotericsoftware/minlog/minlog/1.2/minlog-1.2.jar:/Users/fxie/.m2/repository/org/objenesis/objenesis/2.1/objenesis-2.1.jar:/Users/fxie/.m2/repository/commons-collections/commons-collections/3.2.2/commons-collections-3.2.2.jar:/Users/fxie/.m2/repository/org/apache/commons/commons-compress/1.18/commons-compress-1.18.jar:/Users/fxie/.m2/repository/org/apache/flink/flink-shaded-asm/5.0.4-6.0/flink-shaded-asm-5.0.4-6.0.jar:/Users/fxie/.m2/repository/org/apache/flink/flink-shaded-asm-6/6.2.1-6.0/flink-shaded-asm-6-6.2.1-6.0.jar:/Users/fxie/.m2/repository/org/apache/commons/commons-lang3/3.3.2/commons-lang3-3.3.2.jar:/Users/fxie/.m2/repository/org/apache/commons/commons-math3/3.5/commons-math3-3.5.jar:/Users/fxie/.m2/repository/org/slf4j/slf4j-api/1.7.15/slf4j-api-1.7.15.jar:/Users/fxie/.m2/repository/com/google/code/findbugs/jsr305/1.3.9/jsr305-1.3.9.jar:/Users/fxie/.m2/repository/org/apache/flink/force-shading/1.8.0/force-shading-1.8.0.jar:/Users/fxie/.m2/repository/org/apache/flink/flink-streaming-java_2.11/1.8.0/flink-streaming-java_2.11-1.8.0.jar:/Users/fxie/.m2/repository/org/apache/flink/flink-runtime_2.11/1.8.0/flink-runtime_2.11-1.8.0.jar:/Users/fxie/.m2/repository/org/apache/flink/flink-queryable-state-client-java_2.11/1.8.0/flink-queryable-state-client-java_2.11-1.8.0.jar:/Users/fxie/.m2/repository/org/apache/flink/flink-hadoop-fs/1.8.0/flink-hadoop-fs-1.8.0.jar:/Users/fxie/.m2/repository/commons-io/commons-io/2.4/commons-io-2.4.jar:/Users/fxie/.m2/repository/org/apache/flink/flink-shaded-netty/4.1.32.Final-6.0/flink-shaded-netty-4.1.32.Final-6.0.jar:/Users/fxie/.m2/repository/org/apache/flink/flink-shaded-jackson/2.7.9-6.0/flink-shaded-jackson-2.7.9-6.0.jar:/Users/fxie/.m2/repository/commons-cli/commons-cli/1.3.1/commons-cli-1.3.1.jar:/Users/fxie/.m2/repository/org/javassist/javassist/3.19.0-GA/javassist-3.19.0-GA.jar:/Users/fxie/.m2/repository/org/scala-lang/scala-library/2.11.12/scala-library-2.11.12.jar:/Users/fxie/.m2/repository/com/typesafe/akka/akka-actor_2.11/2.4.20/akka-actor_2.11-2.4.20.jar:/Users/fxie/.m2/repository/com/typesafe/config/1.3.0/config-1.3.0.jar:/Users/fxie/.m2/repository/org/scala-lang/modules/scala-java8-compat_2.11/0.7.0/scala-java8-compat_2.11-0.7.0.jar:/Users/fxie/.m2/repository/com/typesafe/akka/akka-stream_2.11/2.4.20/akka-stream_2.11-2.4.20.jar:/Users/fxie/.m2/repository/org/reactivestreams/reactive-streams/1.0.0/reactive-streams-1.0.0.jar:/Users/fxie/.m2/repository/com/typesafe/ssl-config-core_2.11/0.2.1/ssl-config-core_2.11-0.2.1.jar:/Users/fxie/.m2/repository/org/scala-lang/modules/scala-parser-combinators_2.11/1.0.4/scala-parser-combinators_2.11-1.0.4.jar:/Users/fxie/.m2/repository/com/typesafe/akka/akka-protobuf_2.11/2.4.20/akka-protobuf_2.11-2.4.20.jar:/Users/fxie/.m2/repository/com/typesafe/akka/akka-slf4j_2.11/2.4.20/akka-slf4j_2.11-2.4.20.jar:/Users/fxie/.m2/repository/org/clapper/grizzled-slf4j_2.11/1.3.2/grizzled-slf4j_2.11-1.3.2.jar:/Users/fxie/.m2/repository/com/github/scopt/scopt_2.11/3.5.0/scopt_2.11-3.5.0.jar:/Users/fxie/.m2/repository/com/twitter/chill_2.11/0.7.6/chill_2.11-0.7.6.jar:/Users/fxie/.m2/repository/com/twitter/chill-java/0.7.6/chill-java-0.7.6.jar:/Users/fxie/.m2/repository/org/apache/flink/flink-clients_2.11/1.8.0/flink-clients_2.11-1.8.0.jar:/Users/fxie/.m2/repository/org/apache/flink/flink-optimizer_2.11/1.8.0/flink-optimizer_2.11-1.8.0.jar:/Users/fxie/.m2/repository/org/apache/flink/flink-shaded-guava/18.0-6.0/flink-shaded-guava-18.0-6.0.jar:/Users/fxie/.m2/repository/org/hamcrest/hamcrest/2.1/hamcrest-2.1.jar:/Users/fxie/.m2/repository/org/testng/testng/6.14.3/testng-6.14.3.jar:/Users/fxie/.m2/repository/com/beust/jcommander/1.72/jcommander-1.72.jar:/Users/fxie/.m2/repository/org/apache-extras/beanshell/bsh/2.0b6/bsh-2.0b6.jar:/Users/fxie/.m2/repository/org/apache/beam/beam-sdks-java-core/2.13.0/beam-sdks-java-core-2.13.0.jar:/Users/fxie/.m2/repository/org/apache/beam/beam-model-pipeline/2.13.0/beam-model-pipeline-2.13.0.jar:/Users/fxie/.m2/repository/org/apache/beam/beam-vendor-grpc-1_13_1/0.2/beam-vendor-grpc-1_13_1-0.2.jar:/Users/fxie/.m2/repository/com/google/errorprone/error_prone_annotations/2.1.2/error_prone_annotations-2.1.2.jar:/Users/fxie/.m2/repository/org/apache/beam/beam-model-job-management/2.13.0/beam-model-job-management-2.13.0.jar:/Users/fxie/.m2/repository/org/apache/beam/beam-vendor-guava-20_0/0.1/beam-vendor-guava-20_0-0.1.jar:/Users/fxie/.m2/repository/com/fasterxml/jackson/core/jackson-core/2.9.8/jackson-core-2.9.8.jar:/Users/fxie/.m2/repository/com/fasterxml/jackson/core/jackson-annotations/2.9.8/jackson-annotations-2.9.8.jar:/Users/fxie/.m2/repository/com/fasterxml/jackson/core/jackson-databind/2.9.8/jackson-databind-2.9.8.jar:/Users/fxie/.m2/repository/org/apache/avro/avro/1.8.2/avro-1.8.2.jar:/Users/fxie/.m2/repository/org/codehaus/jackson/jackson-core-asl/1.9.13/jackson-core-asl-1.9.13.jar:/Users/fxie/.m2/repository/org/codehaus/jackson/jackson-mapper-asl/1.9.13/jackson-mapper-asl-1.9.13.jar:/Users/fxie/.m2/repository/com/thoughtworks/paranamer/paranamer/2.7/paranamer-2.7.jar:/Users/fxie/.m2/repository/org/xerial/snappy/snappy-java/1.1.4/snappy-java-1.1.4.jar:/Users/fxie/.m2/repository/joda-time/joda-time/2.10.1/joda-time-2.10.1.jar:/Users/fxie/.m2/repository/org/tukaani/xz/1.8/xz-1.8.jar:/Users/fxie/.m2/repository/junit/junit/4.12/junit-4.12.jar:/Users/fxie/.m2/repository/org/hamcrest/hamcrest-core/1.3/hamcrest-core-1.3.jar:/Users/fxie/.m2/repository/org/slf4j/slf4j-log4j12/1.7.7/slf4j-log4j12-1.7.7.jar:/Users/fxie/.m2/repository/log4j/log4j/1.2.17/log4j-1.2.17.jar:/Users/fxie/.m2/repository/org/apache/maven/surefire/surefire-testng-utils/2.8.1/surefire-testng-utils-2.8.1.jar:"/>
    <property name="java.specification.name" value="Java Platform API Specification"/>
    <property name="java.class.version" value="52.0"/>
    <property name="sun.management.compiler" value="HotSpot 64-Bit Tiered Compilers"/>
    <property name="os.version" value="10.14.5"/>
    <property name="user.home" value="/Users/fxie"/>
    <property name="user.timezone" value="America/Los_Angeles"/>
    <property name="java.awt.printerjob" value="sun.lwawt.macosx.CPrinterJob"/>
    <property name="java.specification.version" value="1.8"/>
    <property name="file.encoding" value="UTF-8"/>
    <property name="user.name" value="fxie"/>
    <property name="java.class.path" value="/Users/fxie/Desktop/soc/streaming-benchmark/target/test-classes:/Users/fxie/Desktop/soc/streaming-benchmark/target/classes:/Users/fxie/.m2/repository/org/apache/flink/flink-java/1.8.0/flink-java-1.8.0.jar:/Users/fxie/.m2/repository/org/apache/flink/flink-core/1.8.0/flink-core-1.8.0.jar:/Users/fxie/.m2/repository/org/apache/flink/flink-annotations/1.8.0/flink-annotations-1.8.0.jar:/Users/fxie/.m2/repository/org/apache/flink/flink-metrics-core/1.8.0/flink-metrics-core-1.8.0.jar:/Users/fxie/.m2/repository/com/esotericsoftware/kryo/kryo/2.24.0/kryo-2.24.0.jar:/Users/fxie/.m2/repository/com/esotericsoftware/minlog/minlog/1.2/minlog-1.2.jar:/Users/fxie/.m2/repository/org/objenesis/objenesis/2.1/objenesis-2.1.jar:/Users/fxie/.m2/repository/commons-collections/commons-collections/3.2.2/commons-collections-3.2.2.jar:/Users/fxie/.m2/repository/org/apache/commons/commons-compress/1.18/commons-compress-1.18.jar:/Users/fxie/.m2/repository/org/apache/flink/flink-shaded-asm/5.0.4-6.0/flink-shaded-asm-5.0.4-6.0.jar:/Users/fxie/.m2/repository/org/apache/flink/flink-shaded-asm-6/6.2.1-6.0/flink-shaded-asm-6-6.2.1-6.0.jar:/Users/fxie/.m2/repository/org/apache/commons/commons-lang3/3.3.2/commons-lang3-3.3.2.jar:/Users/fxie/.m2/repository/org/apache/commons/commons-math3/3.5/commons-math3-3.5.jar:/Users/fxie/.m2/repository/org/slf4j/slf4j-api/1.7.15/slf4j-api-1.7.15.jar:/Users/fxie/.m2/repository/com/google/code/findbugs/jsr305/1.3.9/jsr305-1.3.9.jar:/Users/fxie/.m2/repository/org/apache/flink/force-shading/1.8.0/force-shading-1.8.0.jar:/Users/fxie/.m2/repository/org/apache/flink/flink-streaming-java_2.11/1.8.0/flink-streaming-java_2.11-1.8.0.jar:/Users/fxie/.m2/repository/org/apache/flink/flink-runtime_2.11/1.8.0/flink-runtime_2.11-1.8.0.jar:/Users/fxie/.m2/repository/org/apache/flink/flink-queryable-state-client-java_2.11/1.8.0/flink-queryable-state-client-java_2.11-1.8.0.jar:/Users/fxie/.m2/repository/org/apache/flink/flink-hadoop-fs/1.8.0/flink-hadoop-fs-1.8.0.jar:/Users/fxie/.m2/repository/commons-io/commons-io/2.4/commons-io-2.4.jar:/Users/fxie/.m2/repository/org/apache/flink/flink-shaded-netty/4.1.32.Final-6.0/flink-shaded-netty-4.1.32.Final-6.0.jar:/Users/fxie/.m2/repository/org/apache/flink/flink-shaded-jackson/2.7.9-6.0/flink-shaded-jackson-2.7.9-6.0.jar:/Users/fxie/.m2/repository/commons-cli/commons-cli/1.3.1/commons-cli-1.3.1.jar:/Users/fxie/.m2/repository/org/javassist/javassist/3.19.0-GA/javassist-3.19.0-GA.jar:/Users/fxie/.m2/repository/org/scala-lang/scala-library/2.11.12/scala-library-2.11.12.jar:/Users/fxie/.m2/repository/com/typesafe/akka/akka-actor_2.11/2.4.20/akka-actor_2.11-2.4.20.jar:/Users/fxie/.m2/repository/com/typesafe/config/1.3.0/config-1.3.0.jar:/Users/fxie/.m2/repository/org/scala-lang/modules/scala-java8-compat_2.11/0.7.0/scala-java8-compat_2.11-0.7.0.jar:/Users/fxie/.m2/repository/com/typesafe/akka/akka-stream_2.11/2.4.20/akka-stream_2.11-2.4.20.jar:/Users/fxie/.m2/repository/org/reactivestreams/reactive-streams/1.0.0/reactive-streams-1.0.0.jar:/Users/fxie/.m2/repository/com/typesafe/ssl-config-core_2.11/0.2.1/ssl-config-core_2.11-0.2.1.jar:/Users/fxie/.m2/repository/org/scala-lang/modules/scala-parser-combinators_2.11/1.0.4/scala-parser-combinators_2.11-1.0.4.jar:/Users/fxie/.m2/repository/com/typesafe/akka/akka-protobuf_2.11/2.4.20/akka-protobuf_2.11-2.4.20.jar:/Users/fxie/.m2/repository/com/typesafe/akka/akka-slf4j_2.11/2.4.20/akka-slf4j_2.11-2.4.20.jar:/Users/fxie/.m2/repository/org/clapper/grizzled-slf4j_2.11/1.3.2/grizzled-slf4j_2.11-1.3.2.jar:/Users/fxie/.m2/repository/com/github/scopt/scopt_2.11/3.5.0/scopt_2.11-3.5.0.jar:/Users/fxie/.m2/repository/com/twitter/chill_2.11/0.7.6/chill_2.11-0.7.6.jar:/Users/fxie/.m2/repository/com/twitter/chill-java/0.7.6/chill-java-0.7.6.jar:/Users/fxie/.m2/repository/org/apache/flink/flink-clients_2.11/1.8.0/flink-clients_2.11-1.8.0.jar:/Users/fxie/.m2/repository/org/apache/flink/flink-optimizer_2.11/1.8.0/flink-optimizer_2.11-1.8.0.jar:/Users/fxie/.m2/repository/org/apache/flink/flink-shaded-guava/18.0-6.0/flink-shaded-guava-18.0-6.0.jar:/Users/fxie/.m2/repository/org/hamcrest/hamcrest/2.1/hamcrest-2.1.jar:/Users/fxie/.m2/repository/org/testng/testng/6.14.3/testng-6.14.3.jar:/Users/fxie/.m2/repository/com/beust/jcommander/1.72/jcommander-1.72.jar:/Users/fxie/.m2/repository/org/apache-extras/beanshell/bsh/2.0b6/bsh-2.0b6.jar:/Users/fxie/.m2/repository/org/apache/beam/beam-sdks-java-core/2.13.0/beam-sdks-java-core-2.13.0.jar:/Users/fxie/.m2/repository/org/apache/beam/beam-model-pipeline/2.13.0/beam-model-pipeline-2.13.0.jar:/Users/fxie/.m2/repository/org/apache/beam/beam-vendor-grpc-1_13_1/0.2/beam-vendor-grpc-1_13_1-0.2.jar:/Users/fxie/.m2/repository/com/google/errorprone/error_prone_annotations/2.1.2/error_prone_annotations-2.1.2.jar:/Users/fxie/.m2/repository/org/apache/beam/beam-model-job-management/2.13.0/beam-model-job-management-2.13.0.jar:/Users/fxie/.m2/repository/org/apache/beam/beam-vendor-guava-20_0/0.1/beam-vendor-guava-20_0-0.1.jar:/Users/fxie/.m2/repository/com/fasterxml/jackson/core/jackson-core/2.9.8/jackson-core-2.9.8.jar:/Users/fxie/.m2/repository/com/fasterxml/jackson/core/jackson-annotations/2.9.8/jackson-annotations-2.9.8.jar:/Users/fxie/.m2/repository/com/fasterxml/jackson/core/jackson-databind/2.9.8/jackson-databind-2.9.8.jar:/Users/fxie/.m2/repository/org/apache/avro/avro/1.8.2/avro-1.8.2.jar:/Users/fxie/.m2/repository/org/codehaus/jackson/jackson-core-asl/1.9.13/jackson-core-asl-1.9.13.jar:/Users/fxie/.m2/repository/org/codehaus/jackson/jackson-mapper-asl/1.9.13/jackson-mapper-asl-1.9.13.jar:/Users/fxie/.m2/repository/com/thoughtworks/paranamer/paranamer/2.7/paranamer-2.7.jar:/Users/fxie/.m2/repository/org/xerial/snappy/snappy-java/1.1.4/snappy-java-1.1.4.jar:/Users/fxie/.m2/repository/joda-time/joda-time/2.10.1/joda-time-2.10.1.jar:/Users/fxie/.m2/repository/org/tukaani/xz/1.8/xz-1.8.jar:/Users/fxie/.m2/repository/junit/junit/4.12/junit-4.12.jar:/Users/fxie/.m2/repository/org/hamcrest/hamcrest-core/1.3/hamcrest-core-1.3.jar:/Users/fxie/.m2/repository/org/slf4j/slf4j-log4j12/1.7.7/slf4j-log4j12-1.7.7.jar:/Users/fxie/.m2/repository/log4j/log4j/1.2.17/log4j-1.2.17.jar:/Users/fxie/.m2/repository/org/apache/maven/surefire/surefire-testng-utils/2.8.1/surefire-testng-utils-2.8.1.jar:"/>
    <property name="java.vm.specification.version" value="1.8"/>
    <property name="sun.arch.data.model" value="64"/>
    <property name="java.home" value="/Library/Java/JavaVirtualMachines/jdk1.8.0_212.jdk/Contents/Home/jre"/>
    <property name="sun.java.command" value="/Users/fxie/Desktop/soc/streaming-benchmark/target/surefire/surefirebooter6764358690756515402.jar /Users/fxie/Desktop/soc/streaming-benchmark/target/surefire/surefire2399405508165385621tmp /Users/fxie/Desktop/soc/streaming-benchmark/target/surefire/surefire6328438606631608850tmp"/>
    <property name="java.specification.vendor" value="Oracle Corporation"/>
    <property name="user.language" value="en"/>
    <property name="awt.toolkit" value="sun.lwawt.macosx.LWCToolkit"/>
    <property name="java.vm.info" value="mixed mode"/>
    <property name="java.version" value="1.8.0_212"/>
    <property name="java.ext.dirs" value="/Users/fxie/Library/Java/Extensions:/Library/Java/JavaVirtualMachines/jdk1.8.0_212.jdk/Contents/Home/jre/lib/ext:/Library/Java/Extensions:/Network/Library/Java/Extensions:/System/Library/Java/Extensions:/usr/lib/java"/>
    <property name="sun.boot.class.path" value="/Library/Java/JavaVirtualMachines/jdk1.8.0_212.jdk/Contents/Home/jre/lib/resources.jar:/Library/Java/JavaVirtualMachines/jdk1.8.0_212.jdk/Contents/Home/jre/lib/rt.jar:/Library/Java/JavaVirtualMachines/jdk1.8.0_212.jdk/Contents/Home/jre/lib/sunrsasign.jar:/Library/Java/JavaVirtualMachines/jdk1.8.0_212.jdk/Contents/Home/jre/lib/jsse.jar:/Library/Java/JavaVirtualMachines/jdk1.8.0_212.jdk/Contents/Home/jre/lib/jce.jar:/Library/Java/JavaVirtualMachines/jdk1.8.0_212.jdk/Contents/Home/jre/lib/charsets.jar:/Library/Java/JavaVirtualMachines/jdk1.8.0_212.jdk/Contents/Home/jre/lib/jfr.jar:/Library/Java/JavaVirtualMachines/jdk1.8.0_212.jdk/Contents/Home/jre/classes"/>
    <property name="java.vendor" value="Oracle Corporation"/>
    <property name="localRepository" value="/Users/fxie/.m2/repository"/>
    <property name="file.separator" value="/"/>
    <property name="java.vendor.url.bug" value="http://bugreport.sun.com/bugreport/"/>
    <property name="sun.cpu.endian" value="little"/>
    <property name="sun.io.unicode.encoding" value="UnicodeBig"/>
    <property name="sun.cpu.isalist" value=""/>
  </properties>
</testsuite>